
                         MODELLER 10.4, 2022/10/28, r12463

     PROTEIN STRUCTURE MODELLING BY SATISFACTION OF SPATIAL RESTRAINTS


                     Copyright(c) 1989-2022 Andrej Sali
                            All Rights Reserved

                             Written by A. Sali
                               with help from
              B. Webb, M.S. Madhusudhan, M-Y. Shen, G.Q. Dong,
          M.A. Marti-Renom, N. Eswar, F. Alber, M. Topf, B. Oliva,
             A. Fiser, R. Sanchez, B. Yerkovich, A. Badretdinov,
                     F. Melo, J.P. Overington, E. Feyfant
                 University of California, San Francisco, USA
                    Rockefeller University, New York, USA
                      Harvard University, Cambridge, USA
                   Imperial Cancer Research Fund, London, UK
              Birkbeck College, University of London, London, UK


Kind, OS, HostName, Kernel, Processor: 4, WinNT 10.0 build 22621, MRIGANK, SMP, unknown
Date and time of compilation         : 2022/10/28 21:14:25
MODELLER executable type             : x86_64-w64
Job starting time (YY/MM/DD HH:MM:SS): 2023/05/06 18:36:22

environ____W> The class 'environ' is deprecated; use 'Environ' instead
openf___224_> Open           $(LIB)/restyp.lib
openf___224_> Open           ${MODINSTALL10v4}/modlib/resgrp.lib
rdresgr_266_> Number of residue groups:        2
openf___224_> Open           ${MODINSTALL10v4}/modlib/sstruc.lib

Dynamically allocated memory at   amaxlibraries [B,KiB,MiB]:       191566     187.076     0.183

Dynamically allocated memory at   amaxlibraries [B,KiB,MiB]:       192094     187.592     0.183
openf___224_> Open           ${MODINSTALL10v4}/modlib/resdih.lib

Dynamically allocated memory at   amaxlibraries [B,KiB,MiB]:       240694     235.053     0.230
rdrdih__263_> Number of dihedral angle types         :        9
              Maximal number of dihedral angle optima:        3
              Dihedral angle names                   :  Alph Phi Psi Omeg chi1 chi2 chi3 chi4 chi5
openf___224_> Open           ${MODINSTALL10v4}/modlib/radii.lib

Dynamically allocated memory at   amaxlibraries [B,KiB,MiB]:       253994     248.041     0.242
openf___224_> Open           ${MODINSTALL10v4}/modlib/af_mnchdef.lib
rdwilmo_274_> Mainchain residue conformation classes:  APBLE
openf___224_> Open           ${MODINSTALL10v4}/modlib/mnch.lib
rdclass_257_> Number of classes:        5
openf___224_> Open           ${MODINSTALL10v4}/modlib/mnch1.lib
openf___224_> Open           ${MODINSTALL10v4}/modlib/mnch2.lib
openf___224_> Open           ${MODINSTALL10v4}/modlib/mnch3.lib
openf___224_> Open           ${MODINSTALL10v4}/modlib/xs4.mat
rdrrwgh_268_> Number of residue types:       21
openf___224_> Open           $(LIB)/top_heav.lib
read_to_681_> topology.submodel read from topology file:        3
openf___224_> Open           $(LIB)/par.lib

Dynamically allocated memory at  amaxparameters [B,KiB,MiB]:       393438     384.217     0.375

Dynamically allocated memory at  amaxparameters [B,KiB,MiB]:       395038     385.779     0.377

Dynamically allocated memory at  amaxparameters [B,KiB,MiB]:       399018     389.666     0.381

Dynamically allocated memory at  amaxparameters [B,KiB,MiB]:       401018     391.619     0.382

Dynamically allocated memory at  amaxparameters [B,KiB,MiB]:       404018     394.549     0.385

Dynamically allocated memory at  amaxparameters [B,KiB,MiB]:       408518     398.943     0.390

Dynamically allocated memory at  amaxparameters [B,KiB,MiB]:       414090     404.385     0.395

Dynamically allocated memory at  amaxparameters [B,KiB,MiB]:       416890     407.119     0.398

Dynamically allocated memory at  amaxparameters [B,KiB,MiB]:       421090     411.221     0.402

Dynamically allocated memory at  amaxparameters [B,KiB,MiB]:       427390     417.373     0.408

Dynamically allocated memory at  amaxparameters [B,KiB,MiB]:       430162     420.080     0.410

Dynamically allocated memory at  amaxparameters [B,KiB,MiB]:       431562     421.447     0.412
read_pa_232_> parameters    BONDS   ANGLS  DIHEDS IMPROPS    MODE
                              227     561     661     112       0
openf___224_> Open           TvLDH.B99990001.pdb

Dynamically allocated memory at amaxcoordinates [B,KiB,MiB]:       442599     432.226     0.422

Dynamically allocated memory at    amaxsequence [B,KiB,MiB]:       442675     432.300     0.422

Dynamically allocated memory at amaxcoordinates [B,KiB,MiB]:       442846     432.467     0.422

Dynamically allocated memory at amaxcoordinates [B,KiB,MiB]:       443696     433.297     0.423

Dynamically allocated memory at amaxcoordinates [B,KiB,MiB]:       444954     434.525     0.424

Dynamically allocated memory at amaxcoordinates [B,KiB,MiB]:       446858     436.385     0.426

Dynamically allocated memory at    amaxsequence [B,KiB,MiB]:       446898     436.424     0.426

Dynamically allocated memory at amaxcoordinates [B,KiB,MiB]:       446988     436.512     0.426

Dynamically allocated memory at amaxcoordinates [B,KiB,MiB]:       449844     439.301     0.429

Dynamically allocated memory at    amaxsequence [B,KiB,MiB]:       449904     439.359     0.429

Dynamically allocated memory at amaxcoordinates [B,KiB,MiB]:       450039     439.491     0.429

Dynamically allocated memory at amaxcoordinates [B,KiB,MiB]:       454323     443.675     0.433

Dynamically allocated memory at    amaxsequence [B,KiB,MiB]:       454411     443.761     0.433

Dynamically allocated memory at amaxcoordinates [B,KiB,MiB]:       454609     443.954     0.434

Dynamically allocated memory at amaxcoordinates [B,KiB,MiB]:       461035     450.229     0.440

Dynamically allocated memory at    amaxsequence [B,KiB,MiB]:       461167     450.358     0.440

Dynamically allocated memory at amaxcoordinates [B,KiB,MiB]:       461464     450.648     0.440

Dynamically allocated memory at amaxcoordinates [B,KiB,MiB]:       471086     460.045     0.449

Dynamically allocated memory at    amaxsequence [B,KiB,MiB]:       471286     460.240     0.449

Dynamically allocated memory at amaxcoordinates [B,KiB,MiB]:       471736     460.680     0.450

Dynamically allocated memory at amaxcoordinates [B,KiB,MiB]:       486186     474.791     0.464

Dynamically allocated memory at    amaxsequence [B,KiB,MiB]:       486486     475.084     0.464

Dynamically allocated memory at amaxcoordinates [B,KiB,MiB]:       487161     475.743     0.465

Dynamically allocated memory at amaxcoordinates [B,KiB,MiB]:       508819     496.894     0.485

Dynamically allocated memory at    amaxsequence [B,KiB,MiB]:       509267     497.331     0.486

Dynamically allocated memory at amaxcoordinates [B,KiB,MiB]:       510275     498.315     0.487

Dynamically allocated memory at amaxcoordinates [B,KiB,MiB]:       542779     530.058     0.518

Dynamically allocated memory at       amaxmodel [B,KiB,MiB]:       774651     756.495     0.739
read_mo_297_> Segments, residues, atoms:        1      266     1983
read_mo_298_> Segment:        1  1:A  266:A     1983

Dynamically allocated memory at   amaxalignment [B,KiB,MiB]:       783317     764.958     0.747

Dynamically allocated memory at   amaxstructure [B,KiB,MiB]:       934009     912.118     0.891

Dynamically allocated memory at   amaxalignment [B,KiB,MiB]:       936971     915.011     0.894

Dynamically allocated memory at   amaxstructure [B,KiB,MiB]:      1087663    1062.171     1.037

Dynamically allocated memory at       amaxmodel [B,KiB,MiB]:      1117567    1091.374     1.066

mkilst______> segment topology constructed from sequence and RTF:
              segments residues  atoms  bonds angles dihedrals impropers:
                     1      266   1982   2026      0         0       856

Dynamically allocated memory at       amaxmodel [B,KiB,MiB]:      1202227    1174.050     1.147

patch_______> segment topology patched using RTF:  1 ;  MET  ;  NTER
              segments residues  atoms  bonds angles dihedrals impropers:
                     1      266   1982   2026   2744      3235       856


Dynamically allocated memory at       amaxmodel [B,KiB,MiB]:      1294323    1263.987     1.234
patch_______> segment topology patched using RTF:  266 ;  LYS  ;  CTER
              segments residues  atoms  bonds angles dihedrals impropers:
                     1      266   1983   2027   2746      3237       857

genseg______> segment topology constructed from sequence and RTF:
              segments residues  atoms  bonds angles dihedrals impropers:
                     1      266   1983   2027   2746      3237       857
transfe_506_> MODEL is an average of all templates.
transfe_511_> Number of templates for coordinate transfer:        1
              After transferring coordinates of the equivalent template atoms,
              there are defined, undefined atoms in MODEL:     1983        0
selection__W> The class 'selection' is deprecated; use 'Selection' instead
openf___224_> Open           ${LIB}/atmcls-mf.lib

Dynamically allocated memory at amaxgroup_restr [B,KiB,MiB]:       981739     958.729     0.936

Dynamically allocated memory at amaxgroup_restr [B,KiB,MiB]:       981803     958.792     0.936

Dynamically allocated memory at amaxgroup_restr [B,KiB,MiB]:       981861     958.849     0.936

Dynamically allocated memory at amaxgroup_restr [B,KiB,MiB]:       981925     958.911     0.936

Dynamically allocated memory at amaxgroup_restr [B,KiB,MiB]:       981991     958.976     0.936

Dynamically allocated memory at amaxgroup_restr [B,KiB,MiB]:       982055     959.038     0.937

Dynamically allocated memory at amaxgroup_restr [B,KiB,MiB]:       982211     959.190     0.937

Dynamically allocated memory at amaxgroup_restr [B,KiB,MiB]:       982339     959.315     0.937

Dynamically allocated memory at amaxgroup_restr [B,KiB,MiB]:       982633     959.603     0.937

Dynamically allocated memory at amaxgroup_restr [B,KiB,MiB]:       982825     959.790     0.937

Dynamically allocated memory at amaxgroup_restr [B,KiB,MiB]:       983329     960.282     0.938

Dynamically allocated memory at amaxgroup_restr [B,KiB,MiB]:       983585     960.532     0.938

Dynamically allocated memory at amaxgroup_restr [B,KiB,MiB]:       984581     961.505     0.939

Dynamically allocated memory at amaxgroup_restr [B,KiB,MiB]:       984965     961.880     0.939

Dynamically allocated memory at amaxgroup_restr [B,KiB,MiB]:       985541     962.442     0.940

Dynamically allocated memory at amaxgroup_restr [B,KiB,MiB]:       987575     964.429     0.942

Dynamically allocated memory at amaxgroup_restr [B,KiB,MiB]:       988471     965.304     0.943

Dynamically allocated memory at amaxgroup_restr [B,KiB,MiB]:       992923     969.651     0.947

Dynamically allocated memory at amaxgroup_restr [B,KiB,MiB]:       994267     970.964     0.948

Dynamically allocated memory at amaxgroup_restr [B,KiB,MiB]:      1003885     980.356     0.957

Dynamically allocated memory at amaxgroup_restr [B,KiB,MiB]:      1005869     982.294     0.959

Dynamically allocated memory at amaxgroup_restr [B,KiB,MiB]:      1026515    1002.456     0.979

Dynamically allocated memory at amaxgroup_restr [B,KiB,MiB]:      1029523    1005.394     0.982

Dynamically allocated memory at amaxgroup_restr [B,KiB,MiB]:      1075489    1050.282     1.026

Dynamically allocated memory at amaxgroup_restr [B,KiB,MiB]:      1079969    1054.657     1.030

Dynamically allocated memory at amaxgroup_restr [B,KiB,MiB]:      1181189    1153.505     1.126
openf___224_> Open           ${LIB}/dist-mf.lib

Dynamically allocated memory at amaxgroup_restr [B,KiB,MiB]:      1181585    1153.892     1.127

Dynamically allocated memory at amaxgroup_restr [B,KiB,MiB]:      1182381    1154.669     1.128

Dynamically allocated memory at amaxgroup_restr [B,KiB,MiB]:      1183177    1155.446     1.128

Dynamically allocated memory at amaxgroup_restr [B,KiB,MiB]:      1184365    1156.606     1.129

Dynamically allocated memory at amaxgroup_restr [B,KiB,MiB]:      1184765    1156.997     1.130

Dynamically allocated memory at amaxgroup_restr [B,KiB,MiB]:      1185365    1157.583     1.130

Dynamically allocated memory at amaxgroup_restr [B,KiB,MiB]:      1186265    1158.462     1.131

Dynamically allocated memory at amaxgroup_restr [B,KiB,MiB]:      1187613    1159.778     1.133

Dynamically allocated memory at amaxgroup_restr [B,KiB,MiB]:      1187813    1159.974     1.133

Dynamically allocated memory at amaxgroup_restr [B,KiB,MiB]:      1189837    1161.950     1.135

Dynamically allocated memory at amaxgroup_restr [B,KiB,MiB]:      1190137    1162.243     1.135

Dynamically allocated memory at amaxgroup_restr [B,KiB,MiB]:      1193173    1165.208     1.138

Dynamically allocated memory at amaxgroup_restr [B,KiB,MiB]:      1193621    1165.646     1.138

Dynamically allocated memory at amaxgroup_restr [B,KiB,MiB]:      1198173    1170.091     1.143

Dynamically allocated memory at amaxgroup_restr [B,KiB,MiB]:      1198845    1170.747     1.143

Dynamically allocated memory at amaxgroup_restr [B,KiB,MiB]:      1205673    1177.415     1.150

Dynamically allocated memory at amaxgroup_restr [B,KiB,MiB]:      1206681    1178.399     1.151

Dynamically allocated memory at amaxgroup_restr [B,KiB,MiB]:      1216925    1188.403     1.161

Dynamically allocated memory at amaxgroup_restr [B,KiB,MiB]:      1217525    1188.989     1.161

Dynamically allocated memory at amaxgroup_restr [B,KiB,MiB]:      1217925    1189.380     1.162

Dynamically allocated memory at amaxgroup_restr [B,KiB,MiB]:      1219437    1190.856     1.163

Dynamically allocated memory at amaxgroup_restr [B,KiB,MiB]:      1234801    1205.860     1.178

Dynamically allocated memory at amaxgroup_restr [B,KiB,MiB]:      1235701    1206.739     1.178

Dynamically allocated memory at amaxgroup_restr [B,KiB,MiB]:      1236301    1207.325     1.179

Dynamically allocated memory at amaxgroup_restr [B,KiB,MiB]:      1238569    1209.540     1.181

Dynamically allocated memory at amaxgroup_restr [B,KiB,MiB]:      1261617    1232.048     1.203

Dynamically allocated memory at amaxgroup_restr [B,KiB,MiB]:      1262961    1233.360     1.204

Dynamically allocated memory at amaxgroup_restr [B,KiB,MiB]:      1263861    1234.239     1.205

Dynamically allocated memory at amaxgroup_restr [B,KiB,MiB]:      1267265    1237.563     1.209

Dynamically allocated memory at amaxgroup_restr [B,KiB,MiB]:      1301837    1271.325     1.242

Dynamically allocated memory at amaxgroup_restr [B,KiB,MiB]:      1303853    1273.294     1.243

Dynamically allocated memory at amaxgroup_restr [B,KiB,MiB]:      1305201    1274.610     1.245

Dynamically allocated memory at amaxgroup_restr [B,KiB,MiB]:      1310305    1279.595     1.250

Dynamically allocated memory at amaxgroup_restr [B,KiB,MiB]:      1362161    1330.235     1.299

Dynamically allocated memory at amaxgroup_restr [B,KiB,MiB]:      1365185    1333.188     1.302

Dynamically allocated memory at amaxgroup_restr [B,KiB,MiB]:      1367209    1335.165     1.304

Dynamically allocated memory at amaxgroup_restr [B,KiB,MiB]:      1374865    1342.642     1.311

Dynamically allocated memory at amaxgroup_restr [B,KiB,MiB]:      1452649    1418.603     1.385

Dynamically allocated memory at amaxgroup_restr [B,KiB,MiB]:      1457185    1423.032     1.390

Dynamically allocated memory at amaxgroup_restr [B,KiB,MiB]:      1460221    1425.997     1.393

Dynamically allocated memory at amaxgroup_restr [B,KiB,MiB]:      1471705    1437.212     1.404

Dynamically allocated memory at amaxgroup_restr [B,KiB,MiB]:      1588381    1551.153     1.515

Dynamically allocated memory at amaxgroup_restr [B,KiB,MiB]:      1595185    1557.798     1.521

Dynamically allocated memory at amaxgroup_restr [B,KiB,MiB]:      1599737    1562.243     1.526

Dynamically allocated memory at amaxgroup_restr [B,KiB,MiB]:      1616965    1579.067     1.542

Dynamically allocated memory at amaxgroup_restr [B,KiB,MiB]:      1791981    1749.981     1.709

Dynamically allocated memory at amaxgroup_restr [B,KiB,MiB]:      1802193    1759.954     1.719

Dynamically allocated memory at amaxgroup_restr [B,KiB,MiB]:      1809021    1766.622     1.725

Dynamically allocated memory at amaxgroup_restr [B,KiB,MiB]:      1834861    1791.856     1.750

Dynamically allocated memory at amaxgroup_restr [B,KiB,MiB]:      2097385    2048.228     2.000

Dynamically allocated memory at amaxgroup_restr [B,KiB,MiB]:      2112697    2063.181     2.015

Dynamically allocated memory at amaxgroup_restr [B,KiB,MiB]:      2122941    2073.185     2.025

Dynamically allocated memory at amaxgroup_restr [B,KiB,MiB]:      2161701    2111.036     2.062

Dynamically allocated memory at amaxgroup_restr [B,KiB,MiB]:      2555485    2495.591     2.437

Dynamically allocated memory at amaxgroup_restr [B,KiB,MiB]:      2578453    2518.021     2.459

Dynamically allocated memory at amaxgroup_restr [B,KiB,MiB]:      2593817    2533.024     2.474

Dynamically allocated memory at amaxgroup_restr [B,KiB,MiB]:      2651957    2589.802     2.529

Dynamically allocated memory at amaxgroup_restr [B,KiB,MiB]:      3242633    3166.634     3.092

Dynamically allocated memory at amaxgroup_restr [B,KiB,MiB]:      3277085    3200.278     3.125

Dynamically allocated memory at amaxgroup_restr [B,KiB,MiB]:      3300133    3222.786     3.147

Dynamically allocated memory at amaxgroup_restr [B,KiB,MiB]:      3387345    3307.954     3.230

Dynamically allocated memory at amaxgroup_restr [B,KiB,MiB]:      4273361    4173.204     4.075

Dynamically allocated memory at amaxgroup_restr [B,KiB,MiB]:      4325045    4223.677     4.125

Dynamically allocated memory at amaxgroup_restr [B,KiB,MiB]:      4359617    4257.438     4.158

Dynamically allocated memory at amaxgroup_restr [B,KiB,MiB]:      4490433    4385.188     4.282

Dynamically allocated memory at amaxgroup_restr [B,KiB,MiB]:      5819457    5683.063     5.550
read_pa_232_> parameters    BONDS   ANGLS  DIHEDS IMPROPS    MODE
                                0       0       0       0   12561
>> Model assessment by DOPE potential
iatmcls_286W> MODEL atom not classified:  LYS:OXT  LYS
preppdf_453W> No fixed restraints selected; there may be some dynamic ones.
preppdf_454W> Restraints file was probably not read; use restraints.append().

Dynamically allocated memory at amaxhash_contac [B,KiB,MiB]:      6390685    6240.903     6.095

Dynamically allocated memory at  amaxrestraints [B,KiB,MiB]:      6730881    6573.126     6.419

Dynamically allocated memory at  amaxrestraints [B,KiB,MiB]:      6778473    6619.603     6.464

Dynamically allocated memory at  amaxrestraints [B,KiB,MiB]:      6873657    6712.556     6.555

Dynamically allocated memory at  amaxrestraints [B,KiB,MiB]:      7064025    6898.462     6.737

Dynamically allocated memory at  amaxrestraints [B,KiB,MiB]:      7444761    7270.274     7.100

Dynamically allocated memory at  amaxrestraints [B,KiB,MiB]:      8206233    8013.899     7.826

Dynamically allocated memory at  amaxrestraints [B,KiB,MiB]:      9729177    9501.149     9.278


>> ENERGY; Differences between the model's features and restraints:
Number of all residues in MODEL                   :      266
Number of all, selected real atoms                :     1983    1983
Number of all, selected pseudo atoms              :        0       0
Number of all static, selected restraints         :        0       0
COVALENT_CYS                                      :        F
NONBONDED_SEL_ATOMS                               :        1
Number of non-bonded pairs (excluding 1-2,1-3,1-4):   285136
Dynamic pairs routine                             : 1, NATM x NATM double loop
Atomic shift for contacts update (UPDATE_DYNAMIC) :    0.390
LENNARD_JONES_SWITCH                              :    6.500   7.500
COULOMB_JONES_SWITCH                              :    6.500   7.500
RESIDUE_SPAN_RANGE                                :        1    9999
NLOGN_USE                                         :       15
CONTACT_SHELL                                     :   15.000
DYNAMIC_PAIRS,_SPHERE,_COULOMB,_LENNARD,_MODELLER :        T       F       F       F       T
SPHERE_STDV                                       :    0.050
RADII_FACTOR                                      :    0.820
Current energy                                    :      -15645.6572





Summary of the restraint violations: 

   NUM     ... number of restraints.
   NUMVI   ... number of restraints with RVIOL > VIOL_REPORT_CUT[i].
   RVIOL   ... relative difference from the best value.
   NUMVP   ... number of restraints with -Ln(pdf) > VIOL_REPORT_CUT2[i].
   RMS_1   ... RMS(feature, minimally_violated_basis_restraint, NUMB).
   RMS_2   ... RMS(feature, best_value, NUMB).
   MOL.PDF ... scaled contribution to -Ln(Molecular pdf).

 #                     RESTRAINT_GROUP      NUM   NUMVI  NUMVP   RMS_1   RMS_2         MOL.PDF     S_i
------------------------------------------------------------------------------------------------------
 1 Bond length potential              :       0       0      0   0.000   0.000      0.0000       0.000
 2 Bond angle potential               :       0       0      0   0.000   0.000      0.0000       0.000
 3 Stereochemical cosine torsion poten:       0       0      0   0.000   0.000      0.0000       0.000
 4 Stereochemical improper torsion pot:       0       0      0   0.000   0.000      0.0000       0.000
 5 Soft-sphere overlap restraints     :       0       0      0   0.000   0.000      0.0000       0.000
 6 Lennard-Jones 6-12 potential       :       0       0      0   0.000   0.000      0.0000       0.000
 7 Coulomb point-point electrostatic p:       0       0      0   0.000   0.000      0.0000       0.000
 8 H-bonding potential                :       0       0      0   0.000   0.000      0.0000       0.000
 9 Distance restraints 1 (CA-CA)      :       0       0      0   0.000   0.000      0.0000       0.000
10 Distance restraints 2 (N-O)        :       0       0      0   0.000   0.000      0.0000       0.000
11 Mainchain Phi dihedral restraints  :       0       0      0   0.000   0.000      0.0000       0.000
12 Mainchain Psi dihedral restraints  :       0       0      0   0.000   0.000      0.0000       0.000
13 Mainchain Omega dihedral restraints:       0       0      0   0.000   0.000      0.0000       0.000
14 Sidechain Chi_1 dihedral restraints:       0       0      0   0.000   0.000      0.0000       0.000
15 Sidechain Chi_2 dihedral restraints:       0       0      0   0.000   0.000      0.0000       0.000
16 Sidechain Chi_3 dihedral restraints:       0       0      0   0.000   0.000      0.0000       0.000
17 Sidechain Chi_4 dihedral restraints:       0       0      0   0.000   0.000      0.0000       0.000
18 Disulfide distance restraints      :       0       0      0   0.000   0.000      0.0000       0.000
19 Disulfide angle restraints         :       0       0      0   0.000   0.000      0.0000       0.000
20 Disulfide dihedral angle restraints:       0       0      0   0.000   0.000      0.0000       0.000
21 Lower bound distance restraints    :       0       0      0   0.000   0.000      0.0000       0.000
22 Upper bound distance restraints    :       0       0      0   0.000   0.000      0.0000       0.000
23 Distance restraints 3 (SDCH-MNCH)  :       0       0      0   0.000   0.000      0.0000       0.000
24 Sidechain Chi_5 dihedral restraints:       0       0      0   0.000   0.000      0.0000       0.000
25 Phi/Psi pair of dihedral restraints:       0       0      0   0.000   0.000      0.0000       0.000
26 Distance restraints 4 (SDCH-SDCH)  :       0       0      0   0.000   0.000      0.0000       0.000
27 Distance restraints 5 (X-Y)        :       0       0      0   0.000   0.000      0.0000       0.000
28 NMR distance restraints 6 (X-Y)    :       0       0      0   0.000   0.000      0.0000       0.000
29 NMR distance restraints 7 (X-Y)    :       0       0      0   0.000   0.000      0.0000       0.000
30 Minimal distance restraints        :       0       0      0   0.000   0.000      0.0000       0.000
31 Non-bonded restraints              :  285043       0    597   6.961   6.961     -15646.       1.000
32 Atomic accessibility restraints    :       0       0      0   0.000   0.000      0.0000       0.000
33 Atomic density restraints          :       0       0      0   0.000   0.000      0.0000       0.000
34 Absolute position restraints       :       0       0      0   0.000   0.000      0.0000       0.000
35 Dihedral angle difference restraint:       0       0      0   0.000   0.000      0.0000       0.000
36 GBSA implicit solvent potential    :       0       0      0   0.000   0.000      0.0000       0.000
37 EM density fitting potential       :       0       0      0   0.000   0.000      0.0000       0.000
38 SAXS restraints                    :       0       0      0   0.000   0.000      0.0000       0.000
39 Symmetry restraints                :       0       0      0   0.000   0.000      0.0000       0.000
do_prof_492W> Are you sure you want to calculate a normalized energy profile!



openf___224_> Open           TvLDH.profile
# Energy of each residue is written to: TvLDH.profile
# The profile IS normalized by the number of restraints.
# The profiles are smoothed over a window of residues:   13
# The sum of all numbers in the file:      -6.6935

<< end of ENERGY.
DOPE score               : -15645.657227
