
                         MODELLER 10.4, 2022/10/28, r12463

     PROTEIN STRUCTURE MODELLING BY SATISFACTION OF SPATIAL RESTRAINTS


                     Copyright(c) 1989-2022 Andrej Sali
                            All Rights Reserved

                             Written by A. Sali
                               with help from
              B. Webb, M.S. Madhusudhan, M-Y. Shen, G.Q. Dong,
          M.A. Marti-Renom, N. Eswar, F. Alber, M. Topf, B. Oliva,
             A. Fiser, R. Sanchez, B. Yerkovich, A. Badretdinov,
                     F. Melo, J.P. Overington, E. Feyfant
                 University of California, San Francisco, USA
                    Rockefeller University, New York, USA
                      Harvard University, Cambridge, USA
                   Imperial Cancer Research Fund, London, UK
              Birkbeck College, University of London, London, UK


Kind, OS, HostName, Kernel, Processor: 4, WinNT 10.0 build 22621, MRIGANK, SMP, unknown
Date and time of compilation         : 2022/10/28 21:14:25
MODELLER executable type             : x86_64-w64
Job starting time (YY/MM/DD HH:MM:SS): 2023/05/06 18:27:37

environ____W> The class 'environ' is deprecated; use 'Environ' instead
alignment__W> The class 'alignment' is deprecated; use 'Alignment' instead
model______W> The class 'model' is deprecated; use 'Model' instead
model______W> The class 'model' is deprecated; use 'Model' instead
model______W> The class 'model' is deprecated; use 'Model' instead

Multiple dynamic programming alignment (MALIGN):
  Residue-residue metric  : $(LIB)/as1.sim.mat
  ALIGN_BLOCK             :            1
  Gap introduction penalty:    -900.0000
  Gap extension penalty   :     -50.0000
  Length of alignment     :          231
# Sequence alignment of the structurally conserved regions
# [average distance and standard deviation are with respect
#  to the framework (i.e., average structure)]
#
#  N av ds st dv   6y6cC  6y6cD  6g8rA  
# ======================================
   1 0.511 0.165 * E   3  E   3  E   1  
   2 0.270 0.104 * V   4  V   4  V   2  
   3 0.246 0.095 * Q   5  Q   5  Q   3  
   4 0.201 0.068 * L   6  L   6  L   4  
   5 0.287 0.104 * L   7  L   7  L   5  
   6 0.242 0.084 * E   8  E   8  E   6  
   7 0.287 0.099 * S   9  S   9  S   7  
   8 0.334 0.119 * G  10  G  10  G   8  
   9 0.285 0.093 * G  11  G  11  G   9  
  10 0.336 0.105 * G  12  G  12  G  10  
  11 0.482 0.154 * L  13  L  13  L  11  
  12 0.481 0.146 * V  14  V  14  V  12  
  13 0.542 0.180 * Q  15  Q  15  Q  13  
  14 0.417 0.121 * P  16  P  16  P  14  
  15 0.289 0.051 * G  17  G  17  G  15  
  16 0.311 0.108 * G  18  G  18  G  16  
  17 0.292 0.107 * S  19  S  19  S  17  
  18 0.340 0.118 * L  20  L  20  L  18  
  19 0.274 0.084 * R  21  R  21  R  19  
  20 0.164 0.056 * L  22  L  22  L  20  
  21 0.258 0.090 * S  23  S  23  S  21  
  22 0.101 0.038 * C  24  C  24  C  22  
  23 0.209 0.082 * A  25  A  25  A  23  
  24 0.196 0.071 * A  26  A  26  A  24  
  25 0.221 0.077 * S  27  S  27  S  25  
  26 0.162 0.080 * G  28  G  28  G  26  
  27 0.258 0.103 * F  29  F  29  F  27  
  28 0.322 0.111 * T  30  T  30  T  28  
  29 0.255 0.096 * F  31  F  31  F  29  
  30 0.476 0.149   S  32  S  32  Y  30  
  31 0.334 0.117   Y  33  Y  33  G  31  
  32 0.262 0.096   Y  34  Y  34  S  32  
  33 0.274 0.096   Y  35  Y  35  G  33  
  34 0.242 0.083 * M  36  M  36  M  34  
  35 0.216 0.077 * G  37  G  37  G  35  
  36 0.310 0.109 * W  38  W  38  W  36  
  37 0.189 0.068 * V  39  V  39  V  37  
  38 0.237 0.083 * R  40  R  40  R  38  
  39 0.228 0.079 * Q  41  Q  41  Q  39  
  40 0.446 0.158 * A  42  A  42  A  40  
  41 0.621 0.214 * P  43  P  43  P  41  
  42 0.793 0.278 * G  44  G  44  G  42  
  43 0.569 0.201 * K  45  K  45  K  43  
  44 0.315 0.111 * G  46  G  46  G  44  
  45 0.182 0.064 * L  47  L  47  L  45  
  46 0.130 0.042 * E  48  E  48  E  46  
  47 0.258 0.088 * W  49  W  49  W  47  
  48 0.370 0.134 * V  50  V  50  V  48  
  49 0.395 0.141 * S  51  S  51  S  49  
  50 0.382 0.137   G  52  G  52  S  50  
  51 0.273 0.104 * I  53  I  53  I  51  
  52 0.410 0.142   S  54  S  54  Y  52  
# ======================================
  53 1.205 0.426 * S  56  S  56  S  53  
  54 0.481 0.169   S  57  S  57  G  54  
# ======================================
  55 1.030 0.364 * G  58  G  58  G  56  
  56 0.123 0.065   Y  59  Y  59  S  57  
  57 0.234 0.105 * T  60  T  60  T  58  
  58 0.250 0.099 * Y  61  Y  61  Y  59  
  59 0.285 0.104 * Y  62  Y  62  Y  60  
  60 0.386 0.147 * A  63  A  63  A  61  
  61 0.442 0.175 * D  64  D  64  D  62  
  62 0.666 0.324 * S  65  S  65  S  63  
  63 0.682 0.203 * V  66  V  66  V  64  
  64 1.510 0.478 * K  67  K  67  K  65  
  65 0.920 0.450 * G  68  G  68  G  66  
  66 0.420 0.180 * R  69  R  69  R  67  
  67 0.373 0.138 * F  70  F  70  F  68  
  68 0.321 0.119 * T  71  T  71  T  69  
  69 0.239 0.086 * I  72  I  72  I  70  
  70 0.167 0.049 * S  73  S  73  S  71  
  71 0.158 0.069 * R  74  R  74  R  72  
  72 0.205 0.083 * D  75  D  75  D  73  
  73 0.109 0.039 * N  76  N  76  N  74  
  74 0.226 0.103 * S  77  S  77  S  75  
  75 0.145 0.011 * K  78  K  78  K  76  
  76 0.155 0.055 * N  79  N  79  N  77  
  77 0.162 0.066 * T  80  T  80  T  78  
  78 0.153 0.056 * L  81  L  81  L  79  
  79 0.233 0.078 * Y  82  Y  82  Y  80  
  80 0.250 0.087 * L  83  L  83  L  81  
  81 0.325 0.123 * Q  84  Q  84  Q  82  
  82 0.316 0.109 * M  85  M  85  M  83  
  83 0.332 0.114 * N  86  N  86  N  84  
  84 0.260 0.048 * S  87  S  87  S  85  
  85 0.250 0.060 * L  88  L  88  L  86  
  86 0.234 0.094 * R  89  R  89  R  87  
  87 0.338 0.096 * A  90  A  90  A  88  
  88 0.182 0.035 * E  91  E  91  E  89  
  89 0.229 0.105 * D  92  D  92  D  90  
  90 0.340 0.127 * T  93  T  93  T  91  
  91 0.262 0.093 * A  94  A  94  A  92  
  92 0.237 0.084 * V  95  V  95  V  93  
  93 0.219 0.080 * Y  96  Y  96  Y  94  
  94 0.190 0.067 * Y  97  Y  97  Y  95  
  95 0.203 0.071 * C  98  C  98  C  96  
  96 0.167 0.055 * A  99  A  99  A  97  
  97 0.145 0.050 * R 100  R 100  R  98  
  98 0.492 0.174   Y 101  Y 101  T  99  
  99 0.544 0.195   Y 102  Y 102  S 100  
# ======================================
 100 0.788 0.277   G 104  G 104  I 101  
# ======================================
 101 0.573 0.201   S 108  S 108  Y 104  
 102 0.174 0.056   H 109  H 109  Y 105  
 103 0.215 0.075 * M 110  M 110  M 106  
 104 0.252 0.089 * D 111  D 111  D 107  
 105 0.223 0.089 * Y 112  Y 112  Y 108  
 106 0.243 0.092 * W 113  W 113  W 109  
 107 0.255 0.104 * G 114  G 114  G 110  
 108 0.335 0.139 * Q 115  Q 115  Q 111  
 109 0.186 0.036 * G 116  G 116  G 112  
 110 0.262 0.097 * T 117  T 117  T 113  
 111 0.268 0.093 * L 118  L 118  L 114  
 112 0.344 0.118 * V 119  V 119  V 115  
 113 0.458 0.157 * T 120  T 120  T 116  
 114 0.475 0.178 * V 121  V 121  V 117  
 115 0.547 0.175 * S 122  S 122  S 118  
# ======================================
 116 0.680 0.170 * D 139  D 139  D 135  
 117 0.393 0.144 * I 140  I 140  I 136  
 118 0.327 0.128 * Q 141  Q 141  Q 137  
 119 0.173 0.080 * M 142  M 142  M 138  
 120 0.219 0.071 * T 143  T 143  T 139  
 121 0.076 0.027 * Q 144  Q 144  Q 140  
 122 0.141 0.019 * S 145  S 145  S 141  
 123 0.203 0.074 * P 146  P 146  P 142  
 124 0.205 0.065 * S 147  S 147  S 143  
 125 0.152 0.061 * S 148  S 148  S 144  
 126 0.163 0.085 * L 149  L 149  L 145  
 127 0.227 0.108 * S 150  S 150  S 146  
 128 0.384 0.146 * A 151  A 151  A 147  
 129 0.525 0.193 * S 152  S 152  S 148  
 130 0.604 0.225 * V 153  V 153  V 149  
 131 0.644 0.237 * G 154  G 154  G 150  
 132 0.526 0.189 * D 155  D 155  D 151  
 133 0.401 0.140 * R 156  R 156  R 152  
 134 0.202 0.072 * V 157  V 157  V 153  
 135 0.225 0.075 * T 158  T 158  T 154  
 136 0.120 0.031 * I 159  I 159  I 155  
 137 0.130 0.047 * T 160  T 160  T 156  
 138 0.124 0.047 * C 161  C 161  C 157  
 139 0.118 0.033 * R 162  R 162  R 158  
 140 0.173 0.056 * A 163  A 163  A 159  
 141 0.452 0.155 * S 164  S 164  S 160  
 142 0.310 0.103 * Q 165  Q 165  Q 161  
 143 0.353 0.115 * S 166  S 166  S 162  
 144 0.412 0.135 * I 167  I 167  I 163  
 145 0.506 0.178 * S 168  S 168  S 164  
 146 0.458 0.160 * S 169  S 169  S 165  
 147 0.482 0.165 * Y 170  Y 170  Y 166  
 148 0.177 0.058 * L 171  L 171  L 167  
 149 0.109 0.044 * N 172  N 172  N 168  
 150 0.089 0.038 * W 173  W 173  W 169  
 151 0.187 0.067 * Y 174  Y 174  Y 170  
 152 0.251 0.087 * Q 175  Q 175  Q 171  
 153 0.150 0.064 * Q 176  Q 176  Q 172  
 154 0.269 0.087 * K 177  K 177  K 173  
 155 0.477 0.166 * P 178  P 178  P 174  
 156 0.560 0.195 * G 179  G 179  G 175  
 157 0.288 0.105 * K 180  K 180  K 176  
 158 0.201 0.072 * A 181  A 181  A 177  
 159 0.135 0.044 * P 182  P 182  P 178  
 160 0.216 0.076 * K 183  K 183  K 179  
 161 0.129 0.049 * L 184  L 184  L 180  
 162 0.158 0.053 * L 185  L 185  L 181  
 163 0.047 0.017 * I 186  I 186  I 182  
 164 0.082 0.022 * Y 187  Y 187  Y 183  
 165 0.186 0.065 * A 188  A 188  A 184  
 166 0.264 0.092 * A 189  A 189  A 185  
 167 0.219 0.076 * S 190  S 190  S 186  
 168 0.151 0.054 * S 191  S 191  S 187  
 169 0.141 0.048 * L 192  L 192  L 188  
 170 0.122 0.045 * Q 193  Q 193  Q 189  
 171 0.240 0.133 * S 194  S 194  S 190  
 172 0.368 0.126 * G 195  G 195  G 191  
 173 0.371 0.131 * V 196  V 196  V 192  
 174 0.451 0.164 * P 197  P 197  P 193  
 175 0.482 0.178 * S 198  S 198  S 194  
 176 0.460 0.167 * R 199  R 199  R 195  
 177 0.249 0.096 * F 200  F 200  F 196  
 178 0.176 0.083 * S 201  S 201  S 197  
 179 0.155 0.056 * G 202  G 202  G 198  
 180 0.106 0.051 * S 203  S 203  S 199  
 181 0.186 0.056 * G 204  G 204  G 200  
 182 0.418 0.139 * S 205  S 205  S 201  
 183 0.348 0.118 * G 206  G 206  G 202  
 184 0.295 0.095 * T 207  T 207  T 203  
 185 0.235 0.082 * D 208  D 208  D 204  
 186 0.180 0.066 * F 209  F 209  F 205  
 187 0.127 0.048 * T 210  T 210  T 206  
 188 0.072 0.017 * L 211  L 211  L 207  
 189 0.243 0.088 * T 212  T 212  T 208  
 190 0.340 0.121 * I 213  I 213  I 209  
 191 0.389 0.136 * S 214  S 214  S 210  
 192 0.464 0.164 * S 215  S 215  S 211  
 193 0.436 0.156 * L 216  L 216  L 212  
 194 0.474 0.168 * Q 217  Q 217  Q 213  
 195 0.462 0.163 * P 218  P 218  P 214  
 196 0.478 0.168 * E 219  E 219  E 215  
 197 0.397 0.143 * D 220  D 220  D 216  
 198 0.357 0.145 * F 221  F 221  F 217  
 199 0.332 0.128 * A 222  A 222  A 218  
 200 0.247 0.108 * T 223  T 223  T 219  
 201 0.206 0.089 * Y 224  Y 224  Y 220  
 202 0.222 0.093 * Y 225  Y 225  Y 221  
 203 0.220 0.086 * C 226  C 226  C 222  
 204 0.234 0.091 * Q 227  Q 227  Q 223  
 205 0.268 0.109 * Q 228  Q 228  Q 224  
 206 0.363 0.127 * S 229  S 229  S 225  
 207 0.405 0.146   R 230  R 230  S 226  
 208 0.466 0.171 * S 231  S 231  S 227  
# ======================================
 209 0.656 0.234 * L 233  L 233  L 228  
 210 0.307 0.107   H 234  H 234  F 229  
 211 0.218 0.084 * T 235  T 235  T 230  
 212 0.231 0.089 * F 236  F 236  F 231  
 213 0.289 0.111 * G 237  G 237  G 232  
 214 0.267 0.118 * Q 238  Q 238  Q 233  
 215 0.262 0.100 * G 239  G 239  G 234  
 216 0.203 0.089 * T 240  T 240  T 235  
 217 0.287 0.118 * K 241  K 241  K 236  
 218 0.307 0.118 * L 242  L 242  L 237  
 219 0.445 0.185 * E 243  E 243  E 238  
 220 0.579 0.228 * I 244  I 244  I 239  
 221 0.488 0.219 * K 245  K 245  K 240  
# ======================================
# Sequence alignment of the structurally conserved regions
# [average distance and standard deviation are with respect
#  to the framework (i.e., average structure)]
#
#  N av ds st dv   6y6cC  6y6cD  6g8rA  
# ======================================
   1 0.549 0.182 * E   3  E   3  E   1  
   2 0.303 0.114 * V   4  V   4  V   2  
   3 0.272 0.101 * Q   5  Q   5  Q   3  
   4 0.205 0.069 * L   6  L   6  L   4  
   5 0.273 0.095 * L   7  L   7  L   5  
   6 0.237 0.082 * E   8  E   8  E   6  
   7 0.276 0.094 * S   9  S   9  S   7  
   8 0.340 0.122 * G  10  G  10  G   8  
   9 0.303 0.121 * G  11  G  11  G   9  
  10 0.375 0.130 * G  12  G  12  G  10  
  11 0.514 0.173 * L  13  L  13  L  11  
  12 0.526 0.172 * V  14  V  14  V  12  
  13 0.513 0.153 * Q  15  Q  15  Q  13  
  14 0.350 0.085 * P  16  P  16  P  14  
  15 0.320 0.125 * G  17  G  17  G  15  
  16 0.337 0.124 * G  18  G  18  G  16  
  17 0.242 0.090 * S  19  S  19  S  17  
  18 0.260 0.089 * L  20  L  20  L  18  
  19 0.213 0.068 * R  21  R  21  R  19  
  20 0.182 0.065 * L  22  L  22  L  20  
  21 0.288 0.105 * S  23  S  23  S  21  
  22 0.122 0.043 * C  24  C  24  C  22  
  23 0.213 0.083 * A  25  A  25  A  23  
  24 0.201 0.073 * A  26  A  26  A  24  
  25 0.196 0.070 * S  27  S  27  S  25  
  26 0.131 0.044 * G  28  G  28  G  26  
  27 0.242 0.083 * F  29  F  29  F  27  
  28 0.293 0.097 * T  30  T  30  T  28  
  29 0.227 0.083 * F  31  F  31  F  29  
  30 0.469 0.146   S  32  S  32  Y  30  
  31 0.364 0.149   Y  33  Y  33  G  31  
  32 0.300 0.114   Y  34  Y  34  S  32  
  33 0.289 0.102   Y  35  Y  35  G  33  
  34 0.194 0.065 * M  36  M  36  M  34  
  35 0.176 0.063 * G  37  G  37  G  35  
  36 0.231 0.081 * W  38  W  38  W  36  
  37 0.109 0.039 * V  39  V  39  V  37  
  38 0.143 0.049 * R  40  R  40  R  38  
  39 0.114 0.036 * Q  41  Q  41  Q  39  
  40 0.308 0.110 * A  42  A  42  A  40  
  41 0.477 0.161 * P  43  P  43  P  41  
  42 0.672 0.234 * G  44  G  44  G  42  
  43 0.452 0.160 * K  45  K  45  K  43  
  44 0.219 0.078 * G  46  G  46  G  44  
  45 0.093 0.036 * L  47  L  47  L  45  
  46 0.057 0.033 * E  48  E  48  E  46  
  47 0.176 0.056 * W  49  W  49  W  47  
  48 0.269 0.100 * V  50  V  50  V  48  
  49 0.285 0.103 * S  51  S  51  S  49  
  50 0.287 0.103   G  52  G  52  S  50  
  51 0.176 0.071 * I  53  I  53  I  51  
  52 0.436 0.151   S  54  S  54  Y  52  
# ======================================
  53 1.256 0.444 * S  56  S  56  S  53  
  54 0.536 0.189   S  57  S  57  G  54  
# ======================================
  55 0.962 0.339 * G  58  G  58  G  56  
  56 0.130 0.032   Y  59  Y  59  S  57  
  57 0.109 0.050 * T  60  T  60  T  58  
  58 0.113 0.059 * Y  61  Y  61  Y  59  
  59 0.129 0.056 * Y  62  Y  62  Y  60  
  60 0.250 0.103 * A  63  A  63  A  61  
  61 0.336 0.100 * D  64  D  64  D  62  
  62 0.589 0.231 * S  65  S  65  S  63  
  63 0.600 0.206 * V  66  V  66  V  64  
  64 1.499 0.507 * K  67  K  67  K  65  
  65 0.851 0.407 * G  68  G  68  G  66  
  66 0.319 0.140 * R  69  R  69  R  67  
  67 0.241 0.095 * F  70  F  70  F  68  
  68 0.235 0.080 * T  71  T  71  T  69  
  69 0.173 0.050 * I  72  I  72  I  70  
  70 0.170 0.065 * S  73  S  73  S  71  
  71 0.204 0.091 * R  74  R  74  R  72  
  72 0.218 0.089 * D  75  D  75  D  73  
  73 0.117 0.025 * N  76  N  76  N  74  
  74 0.217 0.096 * S  77  S  77  S  75  
  75 0.156 0.010 * K  78  K  78  K  76  
  76 0.156 0.055 * N  79  N  79  N  77  
  77 0.172 0.068 * T  80  T  80  T  78  
  78 0.169 0.063 * L  81  L  81  L  79  
  79 0.230 0.072 * Y  82  Y  82  Y  80  
  80 0.230 0.073 * L  83  L  83  L  81  
  81 0.258 0.090 * Q  84  Q  84  Q  82  
  82 0.197 0.069 * M  85  M  85  M  83  
  83 0.193 0.063 * N  86  N  86  N  84  
  84 0.279 0.081 * S  87  S  87  S  85  
  85 0.234 0.068 * L  88  L  88  L  86  
  86 0.173 0.052 * R  89  R  89  R  87  
  87 0.182 0.021 * A  90  A  90  A  88  
  88 0.198 0.057 * E  91  E  91  E  89  
  89 0.139 0.029 * D  92  D  92  D  90  
  90 0.236 0.079 * T  93  T  93  T  91  
  91 0.162 0.056 * A  94  A  94  A  92  
  92 0.174 0.061 * V  95  V  95  V  93  
  93 0.182 0.062 * Y  96  Y  96  Y  94  
  94 0.122 0.042 * Y  97  Y  97  Y  95  
  95 0.159 0.054 * C  98  C  98  C  96  
  96 0.148 0.049 * A  99  A  99  A  97  
  97 0.130 0.040 * R 100  R 100  R  98  
  98 0.437 0.154   Y 101  Y 101  T  99  
  99 0.456 0.164   Y 102  Y 102  S 100  
# ======================================
 100 0.871 0.307   G 104  G 104  I 101  
# ======================================
 101 0.477 0.167   S 108  S 108  Y 104  
 102 0.182 0.058   H 109  H 109  Y 105  
 103 0.224 0.077 * M 110  M 110  M 106  
 104 0.286 0.100 * D 111  D 111  D 107  
 105 0.231 0.088 * Y 112  Y 112  Y 108  
 106 0.241 0.092 * W 113  W 113  W 109  
 107 0.247 0.101 * G 114  G 114  G 110  
 108 0.337 0.110 * Q 115  Q 115  Q 111  
 109 0.170 0.054 * G 116  G 116  G 112  
 110 0.258 0.094 * T 117  T 117  T 113  
 111 0.307 0.110 * L 118  L 118  L 114  
 112 0.355 0.120 * V 119  V 119  V 115  
 113 0.375 0.116 * T 120  T 120  T 116  
 114 0.372 0.112 * V 121  V 121  V 117  
 115 0.691 0.256 * S 122  S 122  S 118  
# ======================================
 116 0.511 0.091 * D 139  D 139  D 135  
 117 0.242 0.087 * I 140  I 140  I 136  
 118 0.206 0.092 * Q 141  Q 141  Q 137  
 119 0.199 0.078 * M 142  M 142  M 138  
 120 0.298 0.100 * T 143  T 143  T 139  
 121 0.134 0.041 * Q 144  Q 144  Q 140  
 122 0.226 0.064 * S 145  S 145  S 141  
 123 0.295 0.105 * P 146  P 146  P 142  
 124 0.284 0.094 * S 147  S 147  S 143  
 125 0.218 0.078 * S 148  S 148  S 144  
 126 0.202 0.091 * L 149  L 149  L 145  
 127 0.254 0.114 * S 150  S 150  S 146  
 128 0.404 0.155 * A 151  A 151  A 147  
 129 0.520 0.192 * S 152  S 152  S 148  
 130 0.575 0.215 * V 153  V 153  V 149  
 131 0.605 0.224 * G 154  G 154  G 150  
 132 0.509 0.184 * D 155  D 155  D 151  
 133 0.365 0.127 * R 156  R 156  R 152  
 134 0.192 0.067 * V 157  V 157  V 153  
 135 0.214 0.072 * T 158  T 158  T 154  
 136 0.109 0.037 * I 159  I 159  I 155  
 137 0.181 0.062 * T 160  T 160  T 156  
 138 0.144 0.061 * C 161  C 161  C 157  
 139 0.139 0.061 * R 162  R 162  R 158  
 140 0.088 0.042 * A 163  A 163  A 159  
 141 0.330 0.111 * S 164  S 164  S 160  
 142 0.210 0.068 * Q 165  Q 165  Q 161  
 143 0.289 0.096 * S 166  S 166  S 162  
 144 0.328 0.103 * I 167  I 167  I 163  
 145 0.445 0.156 * S 168  S 168  S 164  
 146 0.407 0.144 * S 169  S 169  S 165  
 147 0.402 0.139 * Y 170  Y 170  Y 166  
 148 0.157 0.056 * L 171  L 171  L 167  
 149 0.117 0.038 * N 172  N 172  N 168  
 150 0.151 0.058 * W 173  W 173  W 169  
 151 0.225 0.081 * Y 174  Y 174  Y 170  
 152 0.277 0.097 * Q 175  Q 175  Q 171  
 153 0.156 0.063 * Q 176  Q 176  Q 172  
 154 0.302 0.099 * K 177  K 177  K 173  
 155 0.439 0.152 * P 178  P 178  P 174  
 156 0.483 0.164 * G 179  G 179  G 175  
 157 0.219 0.078 * K 180  K 180  K 176  
 158 0.175 0.058 * A 181  A 181  A 177  
 159 0.151 0.050 * P 182  P 182  P 178  
 160 0.240 0.085 * K 183  K 183  K 179  
 161 0.171 0.063 * L 184  L 184  L 180  
 162 0.205 0.071 * L 185  L 185  L 181  
 163 0.053 0.019 * I 186  I 186  I 182  
 164 0.093 0.033 * Y 187  Y 187  Y 183  
 165 0.259 0.096 * A 188  A 188  A 184  
 166 0.176 0.059 * A 189  A 189  A 185  
 167 0.107 0.032 * S 190  S 190  S 186  
 168 0.098 0.032 * S 191  S 191  S 187  
 169 0.137 0.054 * L 192  L 192  L 188  
 170 0.164 0.065 * Q 193  Q 193  Q 189  
 171 0.288 0.139 * S 194  S 194  S 190  
 172 0.393 0.132 * G 195  G 195  G 191  
 173 0.376 0.129 * V 196  V 196  V 192  
 174 0.422 0.150 * P 197  P 197  P 193  
 175 0.454 0.164 * S 198  S 198  S 194  
 176 0.432 0.155 * R 199  R 199  R 195  
 177 0.262 0.093 * F 200  F 200  F 196  
 178 0.176 0.064 * S 201  S 201  S 197  
 179 0.115 0.033 * G 202  G 202  G 198  
 180 0.078 0.016 * S 203  S 203  S 199  
 181 0.129 0.045 * G 204  G 204  G 200  
 182 0.352 0.127 * S 205  S 205  S 201  
 183 0.265 0.086 * G 206  G 206  G 202  
 184 0.187 0.061 * T 207  T 207  T 203  
 185 0.164 0.075 * D 208  D 208  D 204  
 186 0.149 0.055 * F 209  F 209  F 205  
 187 0.154 0.051 * T 210  T 210  T 206  
 188 0.123 0.046 * L 211  L 211  L 207  
 189 0.238 0.092 * T 212  T 212  T 208  
 190 0.343 0.123 * I 213  I 213  I 209  
 191 0.386 0.135 * S 214  S 214  S 210  
 192 0.461 0.163 * S 215  S 215  S 211  
 193 0.413 0.148 * L 216  L 216  L 212  
 194 0.459 0.163 * Q 217  Q 217  Q 213  
 195 0.446 0.158 * P 218  P 218  P 214  
 196 0.450 0.155 * E 219  E 219  E 215  
 197 0.385 0.139 * D 220  D 220  D 216  
 198 0.349 0.145 * F 221  F 221  F 217  
 199 0.325 0.129 * A 222  A 222  A 218  
 200 0.244 0.109 * T 223  T 223  T 219  
 201 0.232 0.096 * Y 224  Y 224  Y 220  
 202 0.208 0.092 * Y 225  Y 225  Y 221  
 203 0.240 0.088 * C 226  C 226  C 222  
 204 0.202 0.078 * Q 227  Q 227  Q 223  
 205 0.176 0.074 * Q 228  Q 228  Q 224  
 206 0.299 0.099 * S 229  S 229  S 225  
 207 0.290 0.102   R 230  R 230  S 226  
 208 0.325 0.117 * S 231  S 231  S 227  
# ======================================
 209 0.782 0.279 * L 233  L 233  L 228  
 210 0.193 0.069   H 234  H 234  F 229  
 211 0.245 0.092 * T 235  T 235  T 230  
 212 0.183 0.073 * F 236  F 236  F 231  
 213 0.288 0.099 * G 237  G 237  G 232  
 214 0.264 0.090 * Q 238  Q 238  Q 233  
 215 0.215 0.094 * G 239  G 239  G 234  
 216 0.194 0.095 * T 240  T 240  T 235  
 217 0.284 0.117 * K 241  K 241  K 236  
 218 0.332 0.126 * L 242  L 242  L 237  
 219 0.441 0.186 * E 243  E 243  E 238  
 220 0.560 0.222 * I 244  I 244  I 239  
 221 0.485 0.214 * K 245  K 245  K 240  
# ======================================
# Sequence alignment of the structurally conserved regions
# [average distance and standard deviation are with respect
#  to the framework (i.e., average structure)]
#
#  N av ds st dv   6y6cC  6y6cD  6g8rA  
# ======================================
   1 0.549 0.182 * E   3  E   3  E   1  
   2 0.303 0.114 * V   4  V   4  V   2  
   3 0.272 0.101 * Q   5  Q   5  Q   3  
   4 0.205 0.069 * L   6  L   6  L   4  
   5 0.273 0.095 * L   7  L   7  L   5  
   6 0.237 0.082 * E   8  E   8  E   6  
   7 0.276 0.094 * S   9  S   9  S   7  
   8 0.340 0.122 * G  10  G  10  G   8  
   9 0.303 0.121 * G  11  G  11  G   9  
  10 0.375 0.130 * G  12  G  12  G  10  
  11 0.514 0.173 * L  13  L  13  L  11  
  12 0.526 0.172 * V  14  V  14  V  12  
  13 0.513 0.153 * Q  15  Q  15  Q  13  
  14 0.350 0.085 * P  16  P  16  P  14  
  15 0.320 0.125 * G  17  G  17  G  15  
  16 0.337 0.124 * G  18  G  18  G  16  
  17 0.242 0.090 * S  19  S  19  S  17  
  18 0.260 0.089 * L  20  L  20  L  18  
  19 0.213 0.068 * R  21  R  21  R  19  
  20 0.182 0.065 * L  22  L  22  L  20  
  21 0.288 0.105 * S  23  S  23  S  21  
  22 0.122 0.043 * C  24  C  24  C  22  
  23 0.213 0.083 * A  25  A  25  A  23  
  24 0.201 0.073 * A  26  A  26  A  24  
  25 0.196 0.070 * S  27  S  27  S  25  
  26 0.131 0.044 * G  28  G  28  G  26  
  27 0.242 0.083 * F  29  F  29  F  27  
  28 0.293 0.097 * T  30  T  30  T  28  
  29 0.227 0.083 * F  31  F  31  F  29  
  30 0.469 0.146   S  32  S  32  Y  30  
  31 0.364 0.149   Y  33  Y  33  G  31  
  32 0.300 0.114   Y  34  Y  34  S  32  
  33 0.289 0.102   Y  35  Y  35  G  33  
  34 0.194 0.065 * M  36  M  36  M  34  
  35 0.176 0.063 * G  37  G  37  G  35  
  36 0.231 0.081 * W  38  W  38  W  36  
  37 0.109 0.039 * V  39  V  39  V  37  
  38 0.143 0.049 * R  40  R  40  R  38  
  39 0.114 0.036 * Q  41  Q  41  Q  39  
  40 0.308 0.110 * A  42  A  42  A  40  
  41 0.477 0.161 * P  43  P  43  P  41  
  42 0.672 0.234 * G  44  G  44  G  42  
  43 0.452 0.160 * K  45  K  45  K  43  
  44 0.219 0.078 * G  46  G  46  G  44  
  45 0.093 0.036 * L  47  L  47  L  45  
  46 0.057 0.033 * E  48  E  48  E  46  
  47 0.176 0.056 * W  49  W  49  W  47  
  48 0.269 0.100 * V  50  V  50  V  48  
  49 0.285 0.103 * S  51  S  51  S  49  
  50 0.287 0.103   G  52  G  52  S  50  
  51 0.176 0.071 * I  53  I  53  I  51  
  52 0.436 0.151   S  54  S  54  Y  52  
# ======================================
  53 1.256 0.444 * S  56  S  56  S  53  
  54 0.536 0.189   S  57  S  57  G  54  
# ======================================
  55 0.962 0.339 * G  58  G  58  G  56  
  56 0.130 0.032   Y  59  Y  59  S  57  
  57 0.109 0.050 * T  60  T  60  T  58  
  58 0.113 0.059 * Y  61  Y  61  Y  59  
  59 0.129 0.056 * Y  62  Y  62  Y  60  
  60 0.250 0.103 * A  63  A  63  A  61  
  61 0.336 0.100 * D  64  D  64  D  62  
  62 0.589 0.231 * S  65  S  65  S  63  
  63 0.600 0.206 * V  66  V  66  V  64  
  64 1.499 0.507 * K  67  K  67  K  65  
  65 0.851 0.407 * G  68  G  68  G  66  
  66 0.319 0.140 * R  69  R  69  R  67  
  67 0.241 0.095 * F  70  F  70  F  68  
  68 0.235 0.080 * T  71  T  71  T  69  
  69 0.173 0.050 * I  72  I  72  I  70  
  70 0.170 0.065 * S  73  S  73  S  71  
  71 0.204 0.091 * R  74  R  74  R  72  
  72 0.218 0.089 * D  75  D  75  D  73  
  73 0.117 0.025 * N  76  N  76  N  74  
  74 0.217 0.096 * S  77  S  77  S  75  
  75 0.156 0.010 * K  78  K  78  K  76  
  76 0.156 0.055 * N  79  N  79  N  77  
  77 0.172 0.068 * T  80  T  80  T  78  
  78 0.169 0.063 * L  81  L  81  L  79  
  79 0.230 0.072 * Y  82  Y  82  Y  80  
  80 0.230 0.073 * L  83  L  83  L  81  
  81 0.258 0.090 * Q  84  Q  84  Q  82  
  82 0.197 0.069 * M  85  M  85  M  83  
  83 0.193 0.063 * N  86  N  86  N  84  
  84 0.279 0.081 * S  87  S  87  S  85  
  85 0.234 0.068 * L  88  L  88  L  86  
  86 0.173 0.052 * R  89  R  89  R  87  
  87 0.182 0.021 * A  90  A  90  A  88  
  88 0.198 0.057 * E  91  E  91  E  89  
  89 0.139 0.029 * D  92  D  92  D  90  
  90 0.236 0.079 * T  93  T  93  T  91  
  91 0.162 0.056 * A  94  A  94  A  92  
  92 0.174 0.061 * V  95  V  95  V  93  
  93 0.182 0.062 * Y  96  Y  96  Y  94  
  94 0.122 0.042 * Y  97  Y  97  Y  95  
  95 0.159 0.054 * C  98  C  98  C  96  
  96 0.148 0.049 * A  99  A  99  A  97  
  97 0.130 0.040 * R 100  R 100  R  98  
  98 0.437 0.154   Y 101  Y 101  T  99  
  99 0.456 0.164   Y 102  Y 102  S 100  
# ======================================
 100 0.871 0.307   G 104  G 104  I 101  
# ======================================
 101 0.477 0.167   S 108  S 108  Y 104  
 102 0.182 0.058   H 109  H 109  Y 105  
 103 0.224 0.077 * M 110  M 110  M 106  
 104 0.286 0.100 * D 111  D 111  D 107  
 105 0.231 0.088 * Y 112  Y 112  Y 108  
 106 0.241 0.092 * W 113  W 113  W 109  
 107 0.247 0.101 * G 114  G 114  G 110  
 108 0.337 0.110 * Q 115  Q 115  Q 111  
 109 0.170 0.054 * G 116  G 116  G 112  
 110 0.258 0.094 * T 117  T 117  T 113  
 111 0.307 0.110 * L 118  L 118  L 114  
 112 0.355 0.120 * V 119  V 119  V 115  
 113 0.375 0.116 * T 120  T 120  T 116  
 114 0.372 0.112 * V 121  V 121  V 117  
 115 0.691 0.256 * S 122  S 122  S 118  
# ======================================
 116 0.511 0.091 * D 139  D 139  D 135  
 117 0.242 0.087 * I 140  I 140  I 136  
 118 0.206 0.092 * Q 141  Q 141  Q 137  
 119 0.199 0.078 * M 142  M 142  M 138  
 120 0.298 0.100 * T 143  T 143  T 139  
 121 0.134 0.041 * Q 144  Q 144  Q 140  
 122 0.226 0.064 * S 145  S 145  S 141  
 123 0.295 0.105 * P 146  P 146  P 142  
 124 0.284 0.094 * S 147  S 147  S 143  
 125 0.218 0.078 * S 148  S 148  S 144  
 126 0.202 0.091 * L 149  L 149  L 145  
 127 0.254 0.114 * S 150  S 150  S 146  
 128 0.404 0.155 * A 151  A 151  A 147  
 129 0.520 0.192 * S 152  S 152  S 148  
 130 0.575 0.215 * V 153  V 153  V 149  
 131 0.605 0.224 * G 154  G 154  G 150  
 132 0.509 0.184 * D 155  D 155  D 151  
 133 0.365 0.127 * R 156  R 156  R 152  
 134 0.192 0.067 * V 157  V 157  V 153  
 135 0.214 0.072 * T 158  T 158  T 154  
 136 0.109 0.037 * I 159  I 159  I 155  
 137 0.181 0.062 * T 160  T 160  T 156  
 138 0.144 0.061 * C 161  C 161  C 157  
 139 0.139 0.061 * R 162  R 162  R 158  
 140 0.088 0.042 * A 163  A 163  A 159  
 141 0.330 0.111 * S 164  S 164  S 160  
 142 0.210 0.068 * Q 165  Q 165  Q 161  
 143 0.289 0.096 * S 166  S 166  S 162  
 144 0.328 0.103 * I 167  I 167  I 163  
 145 0.445 0.156 * S 168  S 168  S 164  
 146 0.407 0.144 * S 169  S 169  S 165  
 147 0.402 0.139 * Y 170  Y 170  Y 166  
 148 0.157 0.056 * L 171  L 171  L 167  
 149 0.117 0.038 * N 172  N 172  N 168  
 150 0.151 0.058 * W 173  W 173  W 169  
 151 0.225 0.081 * Y 174  Y 174  Y 170  
 152 0.277 0.097 * Q 175  Q 175  Q 171  
 153 0.156 0.063 * Q 176  Q 176  Q 172  
 154 0.302 0.099 * K 177  K 177  K 173  
 155 0.439 0.152 * P 178  P 178  P 174  
 156 0.483 0.164 * G 179  G 179  G 175  
 157 0.219 0.078 * K 180  K 180  K 176  
 158 0.175 0.058 * A 181  A 181  A 177  
 159 0.151 0.050 * P 182  P 182  P 178  
 160 0.240 0.085 * K 183  K 183  K 179  
 161 0.171 0.063 * L 184  L 184  L 180  
 162 0.205 0.071 * L 185  L 185  L 181  
 163 0.053 0.019 * I 186  I 186  I 182  
 164 0.093 0.033 * Y 187  Y 187  Y 183  
 165 0.259 0.096 * A 188  A 188  A 184  
 166 0.176 0.059 * A 189  A 189  A 185  
 167 0.107 0.032 * S 190  S 190  S 186  
 168 0.098 0.032 * S 191  S 191  S 187  
 169 0.137 0.054 * L 192  L 192  L 188  
 170 0.164 0.065 * Q 193  Q 193  Q 189  
 171 0.288 0.139 * S 194  S 194  S 190  
 172 0.393 0.132 * G 195  G 195  G 191  
 173 0.376 0.129 * V 196  V 196  V 192  
 174 0.422 0.150 * P 197  P 197  P 193  
 175 0.454 0.164 * S 198  S 198  S 194  
 176 0.432 0.155 * R 199  R 199  R 195  
 177 0.262 0.093 * F 200  F 200  F 196  
 178 0.176 0.064 * S 201  S 201  S 197  
 179 0.115 0.033 * G 202  G 202  G 198  
 180 0.078 0.016 * S 203  S 203  S 199  
 181 0.129 0.045 * G 204  G 204  G 200  
 182 0.352 0.127 * S 205  S 205  S 201  
 183 0.265 0.086 * G 206  G 206  G 202  
 184 0.187 0.061 * T 207  T 207  T 203  
 185 0.164 0.075 * D 208  D 208  D 204  
 186 0.149 0.055 * F 209  F 209  F 205  
 187 0.154 0.051 * T 210  T 210  T 206  
 188 0.123 0.046 * L 211  L 211  L 207  
 189 0.238 0.092 * T 212  T 212  T 208  
 190 0.344 0.123 * I 213  I 213  I 209  
 191 0.386 0.135 * S 214  S 214  S 210  
 192 0.461 0.163 * S 215  S 215  S 211  
 193 0.413 0.148 * L 216  L 216  L 212  
 194 0.459 0.163 * Q 217  Q 217  Q 213  
 195 0.446 0.158 * P 218  P 218  P 214  
 196 0.450 0.155 * E 219  E 219  E 215  
 197 0.385 0.139 * D 220  D 220  D 216  
 198 0.349 0.145 * F 221  F 221  F 217  
 199 0.325 0.129 * A 222  A 222  A 218  
 200 0.244 0.109 * T 223  T 223  T 219  
 201 0.232 0.096 * Y 224  Y 224  Y 220  
 202 0.208 0.092 * Y 225  Y 225  Y 221  
 203 0.240 0.088 * C 226  C 226  C 222  
 204 0.202 0.078 * Q 227  Q 227  Q 223  
 205 0.176 0.074 * Q 228  Q 228  Q 224  
 206 0.299 0.099 * S 229  S 229  S 225  
 207 0.290 0.102   R 230  R 230  S 226  
 208 0.325 0.117 * S 231  S 231  S 227  
# ======================================
 209 0.782 0.279 * L 233  L 233  L 228  
 210 0.193 0.069   H 234  H 234  F 229  
 211 0.245 0.092 * T 235  T 235  T 230  
 212 0.183 0.073 * F 236  F 236  F 231  
 213 0.288 0.099 * G 237  G 237  G 232  
 214 0.264 0.090 * Q 238  Q 238  Q 233  
 215 0.215 0.094 * G 239  G 239  G 234  
 216 0.194 0.095 * T 240  T 240  T 235  
 217 0.284 0.117 * K 241  K 241  K 236  
 218 0.332 0.126 * L 242  L 242  L 237  
 219 0.441 0.186 * E 243  E 243  E 238  
 220 0.560 0.222 * I 244  I 244  I 239  
 221 0.485 0.214 * K 245  K 245  K 240  
# ======================================

Least-squares dynamic programming alignment:
     FIT_ATOMS atoms for alignment     : CA
     Max dist from frw for equivalence :    3.5000
     Gap introduction penalty          :    0.0000
     Gap extension penalty             :    1.7500
     Numb of residues in framework     :       221




COMPARISON OF SEVERAL 3D STRUCTURES:


  #  ALGNMT CODE      ATOM FILE                          

  1  6y6cC
  2  6y6cD
  3  6g8rA



Variability at a given position is calculated as: 
VAR = 1/Nij * sum_ij (feat_i - feat_j)
sum runs over all pairs of proteins with residues present.



>> Least-squares superposition (FIT)           :       T

   Atom types for superposition/RMS (FIT_ATOMS): CA
   Atom type for position average/variability (VARATOM): CA


   Position comparison (FIT_ATOMS): 

       Cutoff for RMS calculation:     3.5000

       Upper = RMS, Lower = numb equiv positions

        6y6cC   6y6cD   6g8rA   
6y6cC      0.000   0.334   0.693
6y6cD        228   0.000   0.783
6g8rA        221     221   0.000



   Distance comparison (FIT_ATOMS): 

       Cutoff for rms calculation:     3.5000

       Upper = Distance RMS, Lower = numb equiv distances

        6y6cC   6y6cD   6g8rA   
6y6cC      0.000   0.248   0.580
6y6cD      25876   0.000   0.654
6g8rA      24306   24304   0.000

>> Sequence comparison: 

       Diag=numb res, Upper=numb equiv res, Lower = % seq ID


            6y6cC   6y6cD   6g8rA
6y6cC         228     228     206
6y6cD         100     229     206
6g8rA          91      91     227


>> Dihedral angle comparison: Alph


       Cutoff for rms comparison:    60.0000

       Upper = RMS Alph, Lower = numb of equiv angles

        6y6cC   6y6cD   6g8rA   
6y6cC      0.000   6.118   8.553
6y6cD        222   0.000   9.920
6g8rA        209     207   0.000


>> Dihedral angle comparison: Phi 


       Cutoff for rms comparison:    60.0000

       Upper = RMS Phi , Lower = numb of equiv angles

        6y6cC   6y6cD   6g8rA   
6y6cC      0.000   6.191  13.891
6y6cD        225   0.000  13.678
6g8rA        215     215   0.000


>> Dihedral angle comparison: Psi 


       Cutoff for rms comparison:    15.0000

       Upper = RMS Psi , Lower = numb of equiv angles

        6y6cC   6y6cD   6g8rA   
6y6cC      0.000   3.560   6.618
6y6cD        217   0.000   6.745
6g8rA        178     177   0.000


>> Dihedral angle comparison: Omeg


       Cutoff for rms comparison:    60.0000

       Upper = RMS Omeg, Lower = numb of equiv angles

        6y6cC   6y6cD   6g8rA   
6y6cC      0.000   3.617   5.845
6y6cD        227   0.000   5.853
6g8rA        219     219   0.000


>> Dihedral angle comparison: chi1


       Cutoff for rms comparison:    60.0000

       Upper = RMS chi1, Lower = numb of equiv angles

        6y6cC   6y6cD   6g8rA   
6y6cC      0.000   6.439  12.986
6y6cD        184   0.000  12.062
6g8rA        155     153   0.000


>> Dihedral angle comparison: chi2


       Cutoff for rms comparison:    60.0000

       Upper = RMS chi2, Lower = numb of equiv angles

        6y6cC   6y6cD   6g8rA   
6y6cC      0.000   8.467  15.861
6y6cD        123   0.000  17.193
6g8rA         95      97   0.000


>> Dihedral angle comparison: chi3


       Cutoff for rms comparison:    60.0000

       Upper = RMS chi3, Lower = numb of equiv angles

        6y6cC   6y6cD   6g8rA   
6y6cC      0.000   9.374  18.911
6y6cD         47   0.000  18.404
6g8rA         31      35   0.000


>> Dihedral angle comparison: chi4


       Cutoff for rms comparison:    60.0000

       Upper = RMS chi4, Lower = numb of equiv angles

        6y6cC   6y6cD   6g8rA   
6y6cC      0.000   8.063  24.931
6y6cD         15   0.000  22.178
6g8rA         12      14   0.000


>> Dihedral angle comparison: chi5


       Cutoff for rms comparison:    60.0000

       Upper = RMS chi5, Lower = numb of equiv angles

        6y6cC   6y6cD   6g8rA   
6y6cC      0.000   1.285  34.941
6y6cD          4   0.000  21.669
6g8rA          4       3   0.000



>> Ramachandran mainchain class substitution
   prot 1 --> prot 2; class on vert --> class on horiz

              A      P      B      L      E      U
      A     103      0      2      0      0      0
      P       2    122     26      3      0      0
      B       2     22    319      0      2      0
      L       0      1      0     38      2      0
      E       2      1      1      0     16      0
      U       0      2      0      0      0      4


   Summary (% does not count undefined):

   CODE   # ID # NID # TOT   % ID  % NID  % TOT
      A    103     2   105   15.5    0.3   15.8
      P    122    31   153   18.4    4.7   23.0
      B    319    26   345   48.0    3.9   52.0
      L     38     3    41    5.7    0.5    6.2
      E     16     4    20    2.4    0.6    3.0
   --------------------------------------------
   SUMS    598    66   664   90.1    9.9  100.0
   --------------------------------------------
      U      4     2     6    0.6    0.3    0.9



>> Dihedral class substitution: Alph
   prot 1 --> prot 2; class on vert --> class on horiz

              1      2      3      4
      1      40      1      5      0
      2       6    151      3      0
      3      14      3    438      0
      4       0      0      4      5


   Summary (% does not count undefined):

   CODE   # ID # NID # TOT   % ID  % NID  % TOT
      1     40     6    46    6.1    0.9    7.0
      2    151     9   160   22.8    1.4   24.2
      3    438    17   455   66.3    2.6   68.8
   --------------------------------------------
   SUMS    629    32   661   95.2    4.8  100.0
   --------------------------------------------
      4      5     4     9    0.7    0.6    1.3



>> Dihedral class substitution: Phi 
   prot 1 --> prot 2; class on vert --> class on horiz

              1      2      3      4
      1     171      1     19      0
      2       1     56      4      0
      3      34      4    377      0
      4       0      0      0      3


   Summary (% does not count undefined):

   CODE   # ID # NID # TOT   % ID  % NID  % TOT
      1    171    20   191   25.6    3.0   28.6
      2     56     5    61    8.4    0.7    9.1
      3    377    38   415   56.5    5.7   62.2
   --------------------------------------------
   SUMS    604    63   667   90.6    9.4  100.0
   --------------------------------------------
      4      3     0     3    0.4    0.0    0.4



>> Dihedral class substitution: Psi 
   prot 1 --> prot 2; class on vert --> class on horiz

              1      2      3      4
      1      83      8      1      0
      2       5     70      6      0
      3       2     10    482      0
      4       0      0      2      1


   Summary (% does not count undefined):

   CODE   # ID # NID # TOT   % ID  % NID  % TOT
      1     83     9    92   12.4    1.3   13.8
      2     70    11    81   10.5    1.6   12.1
      3    482    12   494   72.3    1.8   74.1
   --------------------------------------------
   SUMS    635    32   667   95.2    4.8  100.0
   --------------------------------------------
      4      1     2     3    0.1    0.3    0.4



>> Dihedral class substitution: Omeg
   prot 1 --> prot 2; class on vert --> class on horiz

              1      2      3      4
      1     661      2      0      0
      2       1      3      0      0
      3       0      0      0      0
      4       2      0      0      1


   Summary (% does not count undefined):

   CODE   # ID # NID # TOT   % ID  % NID  % TOT
      1    661     2   663   99.1    0.3   99.4
      2      3     1     4    0.4    0.1    0.6
      3      0     0     0    0.0    0.0    0.0
   --------------------------------------------
   SUMS    664     3   667   99.6    0.4  100.0
   --------------------------------------------
      4      1     2     3    0.1    0.3    0.4



>> Dihedral class substitution: chi1
   prot 1 --> prot 2; class on vert --> class on horiz

              1      2      3      4
      1     267     17     12      7
      2      16    147      9      3
      3       8      5     66      4
      4       2      2      0    105


   Summary (% does not count undefined):

   CODE   # ID # NID # TOT   % ID  % NID  % TOT
      1    267    36   303   47.6    6.4   54.0
      2    147    28   175   26.2    5.0   31.2
      3     66    17    83   11.8    3.0   14.8
   --------------------------------------------
   SUMS    480    81   561   85.6   14.4  100.0
   --------------------------------------------
      4    105     4   109   15.7    0.6   16.3



>> Dihedral class substitution: chi2
   prot 1 --> prot 2; class on vert --> class on horiz

              1      2      3      4
      1     190     17      0      5
      2      13     97      6     12
      3       8      0     24      0
      4       7      2      0    289


   Summary (% does not count undefined):

   CODE   # ID # NID # TOT   % ID  % NID  % TOT
      1    190    22   212   51.1    5.9   57.0
      2     97    31   128   26.1    8.3   34.4
      3     24     8    32    6.5    2.2    8.6
   --------------------------------------------
   SUMS    311    61   372   83.6   16.4  100.0
   --------------------------------------------
      4    289     9   298   43.1    1.3   44.5



>> Dihedral class substitution: chi3
   prot 1 --> prot 2; class on vert --> class on horiz

              1      2      3      4
      1      99      7      2      0
      2      15     16      2      2
      3       4      0      8      0
      4       4      0      0    511


   Summary (% does not count undefined):

   CODE   # ID # NID # TOT   % ID  % NID  % TOT
      1     99     9   108   63.9    5.8   69.7
      2     16    19    35   10.3   12.3   22.6
      3      8     4    12    5.2    2.6    7.7
   --------------------------------------------
   SUMS    123    32   155   79.4   20.6  100.0
   --------------------------------------------
      4    511     4   515   76.3    0.6   76.9



>> Dihedral class substitution: chi4
   prot 1 --> prot 2; class on vert --> class on horiz

              1      2      3      4
      1      13      0      5      2
      2       7     11      4      0
      3       3      0     13      0
      4       1      1      4    606


   Summary (% does not count undefined):

   CODE   # ID # NID # TOT   % ID  % NID  % TOT
      1     13     7    20   22.4   12.1   34.5
      2     11    11    22   19.0   19.0   37.9
      3     13     3    16   22.4    5.2   27.6
   --------------------------------------------
   SUMS     37    21    58   63.8   36.2  100.0
   --------------------------------------------
      4    606     6   612   90.4    0.9   91.3



>> Dihedral class substitution: chi5
   prot 1 --> prot 2; class on vert --> class on horiz

              1      2      3      4
      1       0      0      0      0
      2       0      9      0      0
      3       0      0      3      0
      4       0      0      0    658


   Summary (% does not count undefined):

   CODE   # ID # NID # TOT   % ID  % NID  % TOT
      1      0     0     0    0.0    0.0    0.0
      2      9     0     9   75.0    0.0   75.0
      3      3     0     3   25.0    0.0   25.0
   --------------------------------------------
   SUMS     12     0    12  100.0    0.0  100.0
   --------------------------------------------
      4    658     0   658   98.2    0.0   98.2



>> Detailed comparison:


       Structure :  1
       Structure :  2
       Structure :  3
       ALN      ... alignment position
       RESID... ... residue numbers 1/2/3
       AAA      ... amino acid types 1/2/3
       MNC      ... mainchain classes 1/2/3
       ALP...   ... dihedral angle classes (alpha,phi,psi,...)

ALN RESIDUE_NUMBERS AAA MNC ALP PHI PSI OMG CH1 CH2 CH3 CH4 CH5 
---------------------------------------------------------------
  1 3    3    1     EEE UUU 444 444 111 111 222 311 111 444 444
  2 4    4    2     VVV PPP 333 111 333 111 111 444 444 444 444
  3 5    5    3     QQQ BBB 333 333 333 111 111 111 111 444 444
  4 6    6    4     LLL BBB 333 333 333 111 111 111 444 444 444
  5 7    7    5     LLL BBB 333 333 333 111 222 222 444 444 444
  6 8    8    6     EEE PPP 333 311 333 111 111 333 111 444 444
  7 9    9    7     SSS BBB 222 333 333 111 111 444 444 444 444
  8 10   10   8     GGG LLL 333 222 222 111 444 444 444 444 444
  9 11   11   9     GGG PPP 222 111 333 111 444 444 444 444 444
 10 12   12   10    GGG BBB 111 333 333 111 444 444 444 444 444
 11 13   13   11    LLL BPB 333 313 333 111 222 222 444 444 444
 12 14   14   12    VVV BBB 333 333 333 111 332 444 444 444 444
 13 15   15   13    QQQ PPP 131 111 333 111 124 414 444 444 444
 14 16   16   14    PPP PPP 222 111 222 111 111 222 111 444 444
 15 17   17   15    GGG LLL 222 222 222 111 444 444 444 444 444
 16 18   18   16    GGG PPP 333 111 333 111 444 444 444 444 444
 17 19   19   17    SSS BBB 333 333 333 111 222 444 444 444 444
 18 20   20   18    LLL BBB 333 333 333 111 222 222 444 444 444
 19 21   21   19    RRR BBB 333 333 333 111 222 111 111 221 444
 20 22   22   20    LLL PPB 333 313 333 111 111 111 444 444 444
 21 23   23   21    SSS BBB 333 333 333 111 331 444 444 444 444
 22 24   24   22    CCC BBB 333 333 333 111 222 333 111 333 222
 23 25   25   23    AAA PBB 333 333 333 111 444 444 444 444 444
 24 26   26   24    AAA BBB 333 333 333 111 444 444 444 444 444
 25 27   27   25    SSS BBB 222 333 333 111 111 444 444 444 444
 26 28   28   26    GGG LLL 222 222 222 111 444 444 444 444 444
 27 29   29   27    FFF BBB 111 333 333 111 333 111 444 444 444
 28 30   30   28    TTT BBP 333 111 333 111 111 444 444 444 444
 29 31   31   29    FFF AAA 222 111 111 111 222 222 444 444 444
 30 32   32   30    SSY AAA 222 111 211 111 123 442 444 444 444
 31 33   33   31    YYG AAA 222 331 112 111 114 114 444 444 444
 32 34   34   32    YYS BBB 333 333 333 111 112 224 444 444 444
 33 35   35   33    YYG PPP 333 111 333 111 114 224 444 444 444
 34 36   36   34    MMM BBB 333 333 333 111 111 222 111 444 444
 35 37   37   35    GGG BBB 333 333 333 111 444 444 444 444 444
 36 38   38   36    WWW BBB 333 333 333 111 111 111 444 444 444
 37 39   39   37    VVV BBB 333 333 333 111 111 444 444 444 444
 38 40   40   38    RRR BBB 333 333 333 111 333 111 111 111 444
 39 41   41   39    QQQ BBB 333 333 333 111 222 111 111 444 444
 40 42   42   40    AAA PPP 111 111 333 111 444 444 444 444 444
 41 43   43   41    PPP PPP 222 111 222 111 221 112 221 444 444
 42 44   44   42    GGG LLL 222 222 222 111 444 444 444 444 444
 43 45   45   43    KKK BBP 333 333 333 111 111 112 441 443 444
 44 46   46   44    GGG PPP 111 111 333 111 444 444 444 444 444
 45 47   47   45    LLL PPP 333 113 333 111 111 111 444 444 444
 46 48   48   46    EEE BBB 333 333 333 111 222 111 111 444 444
 47 49   49   47    WWW PPP 333 111 333 111 222 111 444 444 444
 48 50   50   48    VVV AAA 111 333 111 111 111 444 444 444 444
 49 51   51   49    SSS BBB 333 333 333 111 333 444 444 444 444
 50 52   52   50    GGS BBB 333 333 333 111 441 444 444 444 444
 51 53   53   51    III BBB 333 333 333 111 333 111 444 444 444
 52 54   54   52    SSY PPP 331 113 331 111 111 441 444 444 444
 53 55   55    ---- PP- AA- 22- 11- 11- 11- 11- 22- 11- 44- 44-
 54 56   56   53    SSS AAB 331 331 123 111 111 444 444 444 444
 55 57   57   54    SSG LLE 221 222 223 111 224 444 444 444 444
 56  ---- ----55    --S --A --2 --1 --1 --1 --1 --4 --4 --4 --4
 57 58   58   56    GGG AAA 222 111 222 111 444 444 444 444 444
 58 59   59   57    YYS BBA 333 333 332 111 112 114 444 444 444
 59 60   60   58    TTT BBB 333 333 333 111 222 444 444 444 444
 60 61   61   59    YYY BBB 333 333 333 111 111 221 444 444 444
 61 62   62   60    YYY BBB 333 333 333 111 111 112 444 444 444
 62 63   63   61    AAA PPP 333 111 333 111 444 444 444 444 444
 63 64   64   62    DDD AAA 222 111 111 111 114 112 444 444 444
 64 65   65   63    SSS AAA 222 111 111 111 113 444 444 444 444
 65 66   66   64    VVV AAA 333 313 212 111 212 444 444 444 444
 66 67   67   65    KKK PLP 212 121 323 111 211 122 211 211 444
 67 68   68   66    GGG LLL 232 222 222 111 444 444 444 444 444
 68 69   69   67    RRR AAA 222 313 111 111 112 111 223 133 444
 69 70   70   68    FFF BBB 333 333 333 111 111 212 444 444 444
 70 71   71   69    TTT BBB 333 333 333 111 111 444 444 444 444
 71 72   72   70    III PPP 333 333 333 111 333 111 444 444 444
 72 73   73   71    SSS BBB 333 333 333 111 111 444 444 444 444
 73 74   74   72    RRR BBB 333 333 333 111 333 111 222 111 444
 74 75   75   73    DDD BBB 333 333 333 111 222 111 444 444 444
 75 76   76   74    NNN AAA 222 111 111 111 111 111 444 444 444
 76 77   77   75    SSS AAA 222 111 111 111 111 444 444 444 444
 77 78   78   76    KKK AAA 333 333 122 111 111 111 112 222 444
 78 79   79   77    NNN LLL 333 222 222 111 111 111 444 444 444
 79 80   80   78    TTT BBB 333 333 333 111 111 444 444 444 444
 80 81   81   79    LLL BBB 333 333 333 111 222 222 444 444 444
 81 82   82   80    YYY BBB 333 333 333 111 111 111 444 444 444
 82 83   83   81    LLL BBB 333 333 333 111 222 222 444 444 444
 83 84   84   82    QQQ BBP 333 331 333 111 222 333 111 444 444
 84 85   85   83    MMM BBB 333 333 333 111 111 111 111 444 444
 85 86   86   84    NNN BBB 222 333 333 111 111 111 444 444 444
 86 87   87   85    SSS LLL 333 222 222 111 232 444 444 444 444
 87 88   88   86    LLL PPB 333 111 333 111 111 111 444 444 444
 88 89   89   87    RRR PBP 333 333 333 111 111 111 211 231 444
 89 90   90   88    AAA AAA 222 111 111 111 444 444 444 444 444
 90 91   91   89    EEE AAA 222 111 111 111 334 224 111 444 444
 91 92   92   90    DDD AAA 222 311 111 111 111 111 444 444 444
 92 93   93   91    TTT PPP 222 111 333 111 111 444 444 444 444
 93 94   94   92    AAA BBB 331 333 333 111 444 444 444 444 444
 94 95   95   93    VVV PPB 333 131 333 111 111 444 444 444 444
 95 96   96   94    YYY BBB 333 333 333 111 111 222 444 444 444
 96 97   97   95    YYY BBP 333 333 333 111 111 111 444 444 444
 97 98   98   96    CCC BPB 333 331 333 111 222 333 111 333 222
 98 99   99   97    AAA BBB 333 333 333 111 444 444 444 444 444
 99 100  100  98    RRR PBB 333 333 333 111 222 111 333 113 444
100 101  101  99    YYT PPB 333 313 333 111 111 224 444 444 444
101 102  102  100   YYS PPP 113 111 333 111 223 224 444 444 444
102 103  103   ---- YY- PP- 22- 11- 33- 11- 11- 11- 44- 44- 44-
103 104  104  101   GGI EEA 332 223 332 111 442 441 444 444 444
104  ---- ----102   --Y --A --1 --1 --1 --1 --2 --2 --4 --4 --4
105  ---- ----103   --Y --A --3 --3 --2 --1 --2 --1 --4 --4 --4
106 105  105   ---- YY- AA- 22- 33- 11- 11- 22- 22- 44- 44- 44-
107 106  106   ---- YY- PP- 22- 11- 33- 11- 11- 22- 44- 44- 44-
108 107  107   ---- YY- LL- 22- 22- 22- 11- 11- 11- 44- 44- 44-
109 108  108  104   SSY PPL 333 332 332 111 331 441 444 444 444
110 109  109  105   HHY BBB 333 333 333 111 333 112 444 444 444
111 110  110  106   MMM BBB 333 333 333 111 111 111 333 444 444
112 111  111  107   DDD AAA 222 333 111 111 333 111 444 444 444
113 112  112  108   YYY BBB 333 333 333 111 111 111 444 444 444
114 113  113  109   WWW BBB 333 333 333 111 111 111 444 444 444
115 114  114  110   GGG PPP 333 111 333 111 444 444 444 444 444
116 115  115  111   QQQ AAA 333 331 111 111 133 211 111 444 444
117 116  116  112   GGG EEE 333 222 333 111 444 444 444 444 444
118 117  117  113   TTT BBB 333 333 333 111 333 444 444 444 444
119 118  118  114   LLL BBB 333 113 333 111 222 222 444 444 444
120 119  119  115   VVV BBB 333 333 333 111 111 444 444 444 444
121 120  120  116   TTT BBB 333 333 333 111 111 444 444 444 444
122 121  121  117   VVV BBB 333 333 333 111 111 444 444 444 444
123 122  122  118   SSS PPA 222 113 332 112 112 444 444 444 444
124  ---- ----134   --S --L --3 --1 --2 --1 --1 --4 --4 --4 --4
125 123  123   ---- SS- BP- 23- 31- 32- 21- 11- 44- 44- 44- 44-
126  ----138   ---- -S- -L- -3- -2- -1- -1- -3- -4- -4- -4- -4-
127 139  139  135   DDD EBP 231 233 333 111 211 111 444 444 444
128 140  140  136   III PPB 333 333 333 111 111 111 444 444 444
129 141  141  137   QQQ BBP 333 331 333 111 111 223 221 444 444
130 142  142  138   MMM BBB 333 333 333 111 111 222 111 444 444
131 143  143  139   TTT BBB 333 333 333 111 221 444 444 444 444
132 144  144  140   QQQ BBB 333 333 333 111 112 111 221 444 444
133 145  145  141   SSS BBB 222 333 333 222 334 444 444 444 444
134 146  146  142   PPP PPP 333 111 222 111 222 111 222 444 444
135 147  147  143   SSS AAA 222 111 111 111 223 444 444 444 444
136 148  148  144   SSS BBB 333 333 333 111 333 444 444 444 444
137 149  149  145   LLL BBB 333 333 333 111 222 222 444 444 444
138 150  150  146   SSS BBB 333 333 333 111 222 444 444 444 444
139 151  151  147   AAA BBB 333 333 333 111 444 444 444 444 444
140 152  152  148   SSS BBB 111 333 333 111 222 444 444 444 444
141 153  153  149   VVV PPP 222 111 333 111 111 444 444 444 444
142 154  154  150   GGG LLL 333 222 222 111 444 444 444 444 444
143 155  155  151   DDD PPP 333 111 333 111 111 111 444 444 444
144 156  156  152   RRR BBB 333 333 333 111 222 331 331 333 444
145 157  157  153   VVV BBB 333 333 333 111 111 444 444 444 444
146 158  158  154   TTT BBB 333 333 333 111 222 444 444 444 444
147 159  159  155   III BBP 333 333 333 111 111 111 444 444 444
148 160  160  156   TTT BBB 333 333 333 111 222 444 444 444 444
149 161  161  157   CCC BBB 333 333 333 111 222 223 221 333 333
150 162  162  158   RRR BBB 333 333 333 111 222 111 222 213 444
151 163  163  159   AAA BBB 333 333 333 111 444 444 444 444 444
152 164  164  160   SSS AAA 221 111 111 111 113 444 444 444 444
153 165  165  161   QQQ BBB 111 333 333 111 333 111 121 444 444
154 166  166  162   SSS PPP 333 111 333 111 333 444 444 444 444
155 167  167  163   III AAA 333 333 222 111 222 111 444 444 444
156 168  168  164   SSS EEE 111 222 333 111 332 444 444 444 444
157 169  169  165   SSS AAA 222 333 222 111 222 444 444 444 444
158 170  170  166   YYY BBB 333 331 222 111 111 111 444 444 444
159 171  171  167   LLL BBB 333 333 333 111 222 223 444 444 444
160 172  172  168   NNN BBB 333 333 333 111 111 111 444 444 444
161 173  173  169   WWW BBB 333 333 333 111 111 111 444 444 444
162 174  174  170   YYY BBB 333 333 333 111 111 222 444 444 444
163 175  175  171   QQQ BBB 333 333 333 111 222 111 111 444 444
164 176  176  172   QQQ BBB 333 333 333 111 222 111 111 444 444
165 177  177  173   KKK PPB 111 113 333 111 111 111 113 111 444
166 178  178  174   PPP PPP 222 111 222 111 112 221 112 444 444
167 179  179  175   GGG LLL 222 222 222 111 444 444 444 444 444
168 180  180  176   KKK BBB 333 333 333 111 111 221 411 421 444
169 181  181  177   AAA PPP 131 111 333 111 444 444 444 444 444
170 182  182  178   PPP PPP 333 111 222 111 111 222 111 444 444
171 183  183  179   KKK BBB 333 333 333 111 222 111 111 311 444
172 184  184  180   LLL PPP 333 111 333 111 222 222 444 444 444
173 185  185  181   LLL AAA 222 333 111 111 111 111 444 444 444
174 186  186  182   III BBB 333 333 333 111 111 222 444 444 444
175 187  187  183   YYY BBB 222 333 333 111 333 222 444 444 444
176 188  188  184   AAA LLL 111 222 222 111 444 444 444 444 444
177 189  189  185   AAA LLL 222 222 111 111 444 444 444 444 444
178 190  190  186   SSS AAA 222 333 112 111 221 444 444 444 444
179 191  191  187   SSS BBB 333 333 333 111 222 444 444 444 444
180 192  192  188   LLL PPB 333 111 333 111 222 222 444 444 444
181 193  193  189   QQQ PPP 131 111 333 111 222 333 111 444 444
182 194  194  190   SSS PPP 222 111 333 111 213 444 444 444 444
183 195  195  191   GGG LLL 333 222 222 111 444 444 444 444 444
184 196  196  192   VVV PPP 333 331 333 111 111 444 444 444 444
185 197  197  193   PPP PPP 333 111 222 111 111 222 111 444 444
186 198  198  194   SSS AAA 222 111 111 111 111 444 444 444 444
187 199  199  195   RRR AAA 222 111 111 111 333 111 111 222 444
188 200  200  196   FFF BBP 333 131 333 111 111 112 444 444 444
189 201  201  197   SSS BBB 333 333 333 111 111 444 444 444 444
190 202  202  198   GGG BBB 333 333 333 111 444 444 444 444 444
191 203  203  199   SSS BBB 222 333 333 111 111 444 444 444 444
192 204  204  200   GGG EEE 333 222 333 111 444 444 444 444 444
193 205  205  201   SSS BBB 222 333 333 111 331 444 444 444 444
194 206  206  202   GGG EEE 111 222 333 111 444 444 444 444 444
195 207  207  203   TTT AAA 222 333 111 111 222 444 444 444 444
196 208  208  204   DDD BBB 333 333 333 111 111 111 444 444 444
197 209  209  205   FFF BBB 333 333 333 111 111 222 444 444 444
198 210  210  206   TTT BBB 333 333 333 111 221 444 444 444 444
199 211  211  207   LLL BBB 333 333 333 111 222 222 444 444 444
200 212  212  208   TTT BBB 333 333 333 111 111 444 444 444 444
201 213  213  209   III BBB 333 333 333 111 111 111 444 444 444
202 214  214  210   SSS AAA 222 111 111 111 111 444 444 444 444
203 215  215  211   SSS BBB 333 333 333 111 333 444 444 444 444
204 216  216  212   LLL PPP 333 111 333 111 222 221 444 444 444
205 217  217  213   QQQ BBB 333 333 333 111 111 222 111 444 444
206 218  218  214   PPP AAA 222 111 111 111 111 222 111 444 444
207 219  219  215   EEE AAA 222 111 111 111 333 112 111 444 444
208 220  220  216   DDD AAA 222 111 111 111 111 111 444 444 444
209 221  221  217   FFF PBP 222 111 333 111 111 111 444 444 444
210 222  222  218   AAA BBB 111 333 333 111 444 444 444 444 444
211 223  223  219   TTT BBB 333 333 333 111 111 444 444 444 444
212 224  224  220   YYY BBB 333 333 333 111 111 222 444 444 444
213 225  225  221   YYY BBB 333 333 333 111 111 222 444 444 444
214 226  226  222   CCC PPP 333 333 333 111 333 333 221 223 222
215 227  227  223   QQQ BBB 333 333 333 111 222 111 111 444 444
216 228  228  224   QQQ BPP 333 331 333 111 333 333 111 444 444
217 229  229  225   SSS AAA 222 333 221 111 112 444 444 444 444
218 230  230  226   RRS AAA 222 111 111 111 223 224 224 114 444
219 231  231  227   SSS PPB 331 333 333 111 113 444 444 444 444
220 232  232   ---- GG- AA- 22- 11- 22- 11- 44- 44- 44- 44- 44-
221 233  233  228   LLL BBE 331 332 333 111 111 111 444 444 444
222 234  234  229   HHF BBB 333 333 223 111 111 331 444 444 444
223 235  235  230   TTT PPB 333 113 333 111 222 444 444 444 444
224 236  236  231   FFF PPP 333 331 333 111 111 111 444 444 444
225 237  237  232   GGG PPP 333 111 333 111 444 444 444 444 444
226 238  238  233   QQQ AAA 333 111 111 111 333 221 111 444 444
227 239  239  234   GGG EEE 333 222 333 111 444 444 444 444 444
228 240  240  235   TTT BBB 333 333 333 111 111 444 444 444 444
229 241  241  236   KKK BBB 333 331 333 111 222 111 112 222 444
230 242  242  237   LLL BBB 333 333 333 111 222 222 444 444 444
231 243  243  238   EEE BBB 333 333 333 111 331 111 111 444 444
232 244  244  239   III PPP 443 111 333 111 113 111 444 444 444
233 245  245  240   KKK UUP 443 111 443 441 221 331 331 443 444
234  ---- ----241   --R --P --4 --1 --3 --1 --1 --1 --1 --2 --4
235  ---- ----242   --T --U --4 --3 --4 --4 --1 --4 --4 --4 --4

Sequence identity comparison (ID_TABLE):

   Diagonal       ... number of residues;
   Upper triangle ... number of identical residues;
   Lower triangle ... % sequence identity, id/min(length).

         6y6cC @26y6cD @26g8rA @2
6y6cC @2      228     228     206
6y6cD @2      100     229     206
6g8rA @2       91      91     227


Weighted pair-group average clustering based on a distance matrix:


                                                               .--- 6y6cC @2.3     0.0000
                                                               |
        .---------------------------------------------------------- 6y6cD @2.3     9.0000
        |
      .------------------------------------------------------------ 6g8rA @2.7

      +----+----+----+----+----+----+----+----+----+----+----+----+
     9.3600    7.7400    6.1200    4.5000    2.8800    1.2600   -0.3600
          8.5500    6.9300    5.3100    3.6900    2.0700    0.4500



